<?xml version="1.0" encoding="UTF-8"?>
<testsuite name="com.dongwoo.study.springboot.web.IndexControllerTest" tests="1" skipped="0" failures="0" errors="0" timestamp="2021-06-22T08:05:53" hostname="idong-uui-MacBookPro-3.local" time="0.203">
  <properties/>
  <testcase name="메인페이지_로딩()" classname="com.dongwoo.study.springboot.web.IndexControllerTest" time="0.203"/>
  <system-out><![CDATA[2021-06-22 17:05:50.035  INFO 33964 --- [    Test worker] .b.t.c.SpringBootTestContextBootstrapper : Neither @ContextConfiguration nor @ContextHierarchy found for test class [com.dongwoo.study.springboot.web.IndexControllerTest], using SpringBootContextLoader
2021-06-22 17:05:50.036  INFO 33964 --- [    Test worker] o.s.t.c.support.AbstractContextLoader    : Could not detect default resource locations for test class [com.dongwoo.study.springboot.web.IndexControllerTest]: no resource found for suffixes {-context.xml, Context.groovy}.
2021-06-22 17:05:50.037  INFO 33964 --- [    Test worker] t.c.s.AnnotationConfigContextLoaderUtils : Could not detect default configuration classes for test class [com.dongwoo.study.springboot.web.IndexControllerTest]: IndexControllerTest does not declare any static, non-private, non-final, nested classes annotated with @Configuration.
2021-06-22 17:05:50.039  INFO 33964 --- [    Test worker] .b.t.c.SpringBootTestContextBootstrapper : Found @SpringBootConfiguration com.dongwoo.study.springboot.Application for test class com.dongwoo.study.springboot.web.IndexControllerTest
2021-06-22 17:05:50.042  INFO 33964 --- [    Test worker] .b.t.c.SpringBootTestContextBootstrapper : Loaded default TestExecutionListener class names from location [META-INF/spring.factories]: [org.springframework.security.test.context.support.WithSecurityContextTestExecutionListener, org.springframework.security.test.context.support.ReactorContextTestExecutionListener, org.springframework.boot.test.autoconfigure.restdocs.RestDocsTestExecutionListener, org.springframework.boot.test.autoconfigure.web.client.MockRestServiceServerResetTestExecutionListener, org.springframework.boot.test.autoconfigure.web.servlet.MockMvcPrintOnlyOnFailureTestExecutionListener, org.springframework.boot.test.autoconfigure.web.servlet.WebDriverTestExecutionListener, org.springframework.boot.test.autoconfigure.webservices.client.MockWebServiceServerTestExecutionListener, org.springframework.boot.test.mock.mockito.MockitoTestExecutionListener, org.springframework.boot.test.mock.mockito.ResetMocksTestExecutionListener, org.springframework.test.context.web.ServletTestExecutionListener, org.springframework.test.context.support.DirtiesContextBeforeModesTestExecutionListener, org.springframework.test.context.support.DependencyInjectionTestExecutionListener, org.springframework.test.context.support.DirtiesContextTestExecutionListener, org.springframework.test.context.transaction.TransactionalTestExecutionListener, org.springframework.test.context.jdbc.SqlScriptsTestExecutionListener, org.springframework.test.context.event.EventPublishingTestExecutionListener]
2021-06-22 17:05:50.043  INFO 33964 --- [    Test worker] .b.t.c.SpringBootTestContextBootstrapper : Using TestExecutionListeners: [org.springframework.test.context.web.ServletTestExecutionListener@4eb3e6c4, org.springframework.test.context.support.DirtiesContextBeforeModesTestExecutionListener@8e3d71f, org.springframework.boot.test.mock.mockito.MockitoTestExecutionListener@7e88fd30, org.springframework.boot.test.autoconfigure.SpringBootDependencyInjectionTestExecutionListener@76a8469f, org.springframework.test.context.support.DirtiesContextTestExecutionListener@27fc1b48, org.springframework.test.context.transaction.TransactionalTestExecutionListener@31b16b87, org.springframework.test.context.jdbc.SqlScriptsTestExecutionListener@86971fc, org.springframework.security.test.context.support.WithSecurityContextTestExecutionListener@3c4142d0, org.springframework.test.context.event.EventPublishingTestExecutionListener@7ba0384b, org.springframework.security.test.context.support.ReactorContextTestExecutionListener@41f799eb, org.springframework.boot.test.autoconfigure.restdocs.RestDocsTestExecutionListener@2d2e6b8, org.springframework.boot.test.autoconfigure.web.client.MockRestServiceServerResetTestExecutionListener@34b363f0, org.springframework.boot.test.autoconfigure.web.servlet.MockMvcPrintOnlyOnFailureTestExecutionListener@4e2b774d, org.springframework.boot.test.autoconfigure.web.servlet.WebDriverTestExecutionListener@33ee87a2, org.springframework.boot.test.autoconfigure.webservices.client.MockWebServiceServerTestExecutionListener@261c5041, org.springframework.boot.test.mock.mockito.ResetMocksTestExecutionListener@99f0b91]

  .   ____          _            __ _ _
 /\\ / ___'_ __ _ _(_)_ __  __ _ \ \ \ \
( ( )\___ | '_ | '_| | '_ \/ _` | \ \ \ \
 \\/  ___)| |_)| | | | | || (_| |  ) ) ) )
  '  |____| .__|_| |_|_| |_\__, | / / / /
 =========|_|==============|___/=/_/_/_/
 :: Spring Boot ::                (v2.4.1)

2021-06-22 17:05:50.086  INFO 33964 --- [    Test worker] c.d.s.s.web.IndexControllerTest          : Starting IndexControllerTest using Java 1.8.0_261 on idong-uui-MacBookPro-3.local with PID 33964 (started by dongwoo in /Users/dongwoo/springboot-aws)
2021-06-22 17:05:50.087  INFO 33964 --- [    Test worker] c.d.s.s.web.IndexControllerTest          : No active profile set, falling back to default profiles: default
2021-06-22 17:05:50.398  INFO 33964 --- [    Test worker] .s.d.r.c.RepositoryConfigurationDelegate : Bootstrapping Spring Data JPA repositories in DEFAULT mode.
2021-06-22 17:05:50.452  INFO 33964 --- [    Test worker] .s.d.r.c.RepositoryConfigurationDelegate : Finished Spring Data repository scanning in 46 ms. Found 2 JPA repository interfaces.
2021-06-22 17:05:50.875  INFO 33964 --- [    Test worker] o.s.b.w.embedded.tomcat.TomcatWebServer  : Tomcat initialized with port(s): 0 (http)
2021-06-22 17:05:50.885  INFO 33964 --- [    Test worker] o.apache.catalina.core.StandardService   : Starting service [Tomcat]
2021-06-22 17:05:50.885  INFO 33964 --- [    Test worker] org.apache.catalina.core.StandardEngine  : Starting Servlet engine: [Apache Tomcat/9.0.41]
2021-06-22 17:05:50.978  INFO 33964 --- [    Test worker] o.a.c.c.C.[Tomcat].[localhost].[/]       : Initializing Spring embedded WebApplicationContext
2021-06-22 17:05:50.978  INFO 33964 --- [    Test worker] w.s.c.ServletWebServerApplicationContext : Root WebApplicationContext: initialization completed in 889 ms
2021-06-22 17:05:51.027  INFO 33964 --- [    Test worker] com.zaxxer.hikari.HikariDataSource       : HikariPool-1 - Starting...
2021-06-22 17:05:51.236  INFO 33964 --- [    Test worker] com.zaxxer.hikari.HikariDataSource       : HikariPool-1 - Start completed.
2021-06-22 17:05:51.243  INFO 33964 --- [    Test worker] o.s.b.a.h2.H2ConsoleAutoConfiguration    : H2 console available at '/h2-console'. Database available at 'jdbc:h2:mem:testdb'
2021-06-22 17:05:51.512  INFO 33964 --- [    Test worker] o.hibernate.jpa.internal.util.LogHelper  : HHH000204: Processing PersistenceUnitInfo [name: default]
2021-06-22 17:05:51.588  INFO 33964 --- [    Test worker] org.hibernate.Version                    : HHH000412: Hibernate ORM core version 5.4.25.Final
2021-06-22 17:05:51.651  INFO 33964 --- [    Test worker] o.hibernate.annotations.common.Version   : HCANN000001: Hibernate Commons Annotations {5.1.2.Final}
2021-06-22 17:05:51.793  INFO 33964 --- [    Test worker] org.hibernate.dialect.Dialect            : HHH000400: Using dialect: org.hibernate.dialect.MySQL57Dialect
Hibernate: drop table if exists posts
Hibernate: drop table if exists user
Hibernate: create table posts (id bigint not null auto_increment, created_date datetime(6), modified_date datetime(6), author varchar(255), content TEXT not null, title varchar(500) not null, primary key (id)) engine=InnoDB
Hibernate: create table user (id bigint not null auto_increment, created_date datetime(6), modified_date datetime(6), email varchar(255) not null, name varchar(255) not null, picture varchar(255), role varchar(255) not null, primary key (id)) engine=InnoDB
2021-06-22 17:05:52.703  INFO 33964 --- [    Test worker] o.h.e.t.j.p.i.JtaPlatformInitiator       : HHH000490: Using JtaPlatform implementation: [org.hibernate.engine.transaction.jta.platform.internal.NoJtaPlatform]
2021-06-22 17:05:52.712  INFO 33964 --- [    Test worker] j.LocalContainerEntityManagerFactoryBean : Initialized JPA EntityManagerFactory for persistence unit 'default'
2021-06-22 17:05:53.235  WARN 33964 --- [    Test worker] JpaBaseConfiguration$JpaWebConfiguration : spring.jpa.open-in-view is enabled by default. Therefore, database queries may be performed during view rendering. Explicitly configure spring.jpa.open-in-view to disable this warning
2021-06-22 17:05:53.580  INFO 33964 --- [    Test worker] o.s.s.web.DefaultSecurityFilterChain     : Will secure any request with [org.springframework.security.web.context.request.async.WebAsyncManagerIntegrationFilter@7ba1bb7b, org.springframework.security.web.context.SecurityContextPersistenceFilter@48fa82e8, org.springframework.security.web.header.HeaderWriterFilter@19d6b117, org.springframework.security.web.authentication.logout.LogoutFilter@9bdc21e, org.springframework.security.oauth2.client.web.OAuth2AuthorizationRequestRedirectFilter@686f58dc, org.springframework.security.oauth2.client.web.OAuth2LoginAuthenticationFilter@41262a58, org.springframework.security.web.authentication.ui.DefaultLoginPageGeneratingFilter@48596612, org.springframework.security.web.authentication.ui.DefaultLogoutPageGeneratingFilter@1275688b, org.springframework.security.web.savedrequest.RequestCacheAwareFilter@54b0078, org.springframework.security.web.servletapi.SecurityContextHolderAwareRequestFilter@29b957cf, org.springframework.security.web.authentication.AnonymousAuthenticationFilter@ce6ba1, org.springframework.security.web.session.SessionManagementFilter@3f6bdd4f, org.springframework.security.web.access.ExceptionTranslationFilter@7047a768, org.springframework.security.web.access.intercept.FilterSecurityInterceptor@5f76c965]
2021-06-22 17:05:53.685  INFO 33964 --- [    Test worker] o.s.s.concurrent.ThreadPoolTaskExecutor  : Initializing ExecutorService 'applicationTaskExecutor'
2021-06-22 17:05:53.717  INFO 33964 --- [    Test worker] o.s.b.a.w.s.WelcomePageHandlerMapping    : Adding welcome page template: index
2021-06-22 17:05:53.935  INFO 33964 --- [    Test worker] o.s.b.w.embedded.tomcat.TomcatWebServer  : Tomcat started on port(s): 54748 (http) with context path ''
2021-06-22 17:05:53.947  INFO 33964 --- [    Test worker] s.a.ScheduledAnnotationBeanPostProcessor : No TaskScheduler/ScheduledExecutorService bean found for scheduled processing
2021-06-22 17:05:53.954  INFO 33964 --- [    Test worker] c.d.s.s.web.IndexControllerTest          : Started IndexControllerTest in 3.909 seconds (JVM running for 7.69)
2021-06-22 17:05:54.053  INFO 33964 --- [o-auto-1-exec-1] o.a.c.c.C.[Tomcat].[localhost].[/]       : Initializing Spring DispatcherServlet 'dispatcherServlet'
2021-06-22 17:05:54.053  INFO 33964 --- [o-auto-1-exec-1] o.s.web.servlet.DispatcherServlet        : Initializing Servlet 'dispatcherServlet'
2021-06-22 17:05:54.054  INFO 33964 --- [o-auto-1-exec-1] o.s.web.servlet.DispatcherServlet        : Completed initialization in 1 ms
Hibernate: select posts0_.id as id1_0_, posts0_.created_date as created_2_0_, posts0_.modified_date as modified3_0_, posts0_.author as author4_0_, posts0_.content as content5_0_, posts0_.title as title6_0_ from posts posts0_ order by posts0_.id DESC
]]></system-out>
  <system-err><![CDATA[]]></system-err>
</testsuite>
